<?xml version="1.0" encoding="UTF-8"?>
<!-- Generated by org.testng.reporters.JUnitReportReporter -->
<testsuite hostname="DESKTOP-JJNSGAJ" failures="0" tests="1" name="com.qa.zerobank.testcases.AccountSummaryTestCases" time="21.429" errors="0" timestamp="2021-11-10T02:51:12 EST" skipped="0">
  <testcase classname="com.qa.zerobank.testcases.AccountSummaryTestCases" name="accountSummaryFunctionality" time="21.429"/>
  <system-out/>
</testsuite> <!-- com.qa.zerobank.testcases.AccountSummaryTestCases -->
