<?xml version="1.0" encoding="UTF-8"?>
<!-- Generated by org.testng.reporters.JUnitReportReporter -->
<testsuite hostname="DESKTOP-JJNSGAJ" failures="0" tests="1" name="com.qa.zerobank.testcases.TransferFundsPageTestCase" time="3.935" errors="0" timestamp="2021-11-09T23:50:22 EST" skipped="0">
  <testcase classname="com.qa.zerobank.testcases.TransferFundsPageTestCase" name="transferFundsFunctionalityTest" time="3.935"/>
  <system-out/>
</testsuite> <!-- com.qa.zerobank.testcases.TransferFundsPageTestCase -->
