<?xml version="1.0" encoding="UTF-8"?>
<!-- Generated by org.testng.reporters.JUnitReportReporter -->
<testsuite hostname="DESKTOP-JJNSGAJ" failures="0" tests="1" name="com.qa.zerobank.testcases.PurchaseForeignCurrencyTestCase" time="4.129" errors="0" timestamp="2021-11-10T00:46:35 EST" skipped="0">
  <testcase classname="com.qa.zerobank.testcases.PurchaseForeignCurrencyTestCase" name="purchaseForeignCurrencyFunctionality" time="4.129"/>
  <system-out/>
</testsuite> <!-- com.qa.zerobank.testcases.PurchaseForeignCurrencyTestCase -->
