<?xml version="1.0" encoding="UTF-8"?>
<!-- Generated by org.testng.reporters.JUnitReportReporter -->
<testsuite hostname="DESKTOP-JJNSGAJ" failures="0" tests="1" name="com.qa.zerobank.testcases.LoginPageTestCase" time="2.977" errors="0" timestamp="2021-11-09T23:09:52 EST" skipped="0">
  <testcase classname="com.qa.zerobank.testcases.LoginPageTestCase" name="validateLoginFunctionality" time="2.977"/>
  <system-out/>
</testsuite> <!-- com.qa.zerobank.testcases.LoginPageTestCase -->
