<?xml version="1.0" encoding="UTF-8"?>
<!-- Generated by org.testng.reporters.JUnitReportReporter -->
<testsuite hostname="DESKTOP-JJNSGAJ" failures="0" tests="1" name="com.qa.zerobank.testcases.AddNewPayeePageTestCases" time="3.442" errors="0" timestamp="2021-11-09T23:13:00 EST" skipped="0">
  <testcase classname="com.qa.zerobank.testcases.AddNewPayeePageTestCases" name="addNewPayeeTest" time="3.442"/>
  <system-out/>
</testsuite> <!-- com.qa.zerobank.testcases.AddNewPayeePageTestCases -->
