<?xml version="1.0" encoding="UTF-8"?>
<!-- Generated by org.testng.reporters.JUnitReportReporter -->
<testsuite hostname="DESKTOP-JJNSGAJ" failures="0" tests="3" name="com.qa.zerobank.testcases.HomePageTestCase" time="14.728" errors="0" timestamp="2021-11-09T20:14:45 EST" skipped="0">
  <testcase classname="com.qa.zerobank.testcases.HomePageTestCase" name="dbConnectionTest" time="6.268"/>
  <system-out/>
  <testcase classname="com.qa.zerobank.testcases.HomePageTestCase" name="valdiateLogo" time="4.434"/>
  <system-out/>
  <testcase classname="com.qa.zerobank.testcases.HomePageTestCase" name="validateHomePage" time="4.026"/>
  <system-out/>
</testsuite> <!-- com.qa.zerobank.testcases.HomePageTestCase -->
