<?xml version="1.0" encoding="UTF-8"?>
<!-- Generated by org.testng.reporters.JUnitReportReporter -->
<testsuite hostname="DESKTOP-JJNSGAJ" failures="0" tests="1" name="com.qa.zerobank.testcases.PaySavedPayeeTestCases" time="7.977" errors="0" timestamp="2021-11-10T00:20:01 EST" skipped="0">
  <testcase classname="com.qa.zerobank.testcases.PaySavedPayeeTestCases" name="paySavedPayeeFunctionalityTest" time="7.977"/>
  <system-out/>
</testsuite> <!-- com.qa.zerobank.testcases.PaySavedPayeeTestCases -->
